e:\code\c\plants vs zombies\plants vs zombies\plants vs zombies\x64\release\vc143.pdb
e:\code\c\plants vs zombies\plants vs zombies\plants vs zombies\x64\release\updatewindow.obj
e:\code\c\plants vs zombies\plants vs zombies\plants vs zombies\x64\release\transparrent.obj
e:\code\c\plants vs zombies\plants vs zombies\plants vs zombies\x64\release\plantmap.obj
e:\code\c\plants vs zombies\plants vs zombies\plants vs zombies\x64\release\movecard.obj
e:\code\c\plants vs zombies\plants vs zombies\plants vs zombies\x64\release\main.obj
e:\code\c\plants vs zombies\plants vs zombies\plants vs zombies\x64\release\img_processing.obj
e:\code\c\plants vs zombies\plants vs zombies\plants vs zombies\x64\release\gameinit.obj
e:\code\c\plants vs zombies\plants vs zombies\plants vs zombies\x64\release\charinfo.obj
e:\code\c\plants vs zombies\plants vs zombies\plants vs zombies\x64\release\characters.obj
e:\code\c\plants vs zombies\plants vs zombies\plants vs zombies\x64\release\cards.obj
e:\code\c\plants vs zombies\plants vs zombies\plants vs zombies\x64\release\cardinfo.obj
e:\code\c\plants vs zombies\plants vs zombies\x64\release\plants vs zombies.exe
e:\code\c\plants vs zombies\plants vs zombies\plants vs zombies\x64\release\plants vs zombies.ipdb
e:\code\c\plants vs zombies\plants vs zombies\plants vs zombies\x64\release\plants vs zombies.iobj
e:\code\c\plants vs zombies\plants vs zombies\plants vs zombies\x64\release\plants vs zombies.res
e:\code\c\plants vs zombies\plants vs zombies\plants vs zombies\x64\release\plants v.d537fe83.tlog\cl.command.1.tlog
e:\code\c\plants vs zombies\plants vs zombies\plants vs zombies\x64\release\plants v.d537fe83.tlog\cl.items.tlog
e:\code\c\plants vs zombies\plants vs zombies\plants vs zombies\x64\release\plants v.d537fe83.tlog\cl.read.1.tlog
e:\code\c\plants vs zombies\plants vs zombies\plants vs zombies\x64\release\plants v.d537fe83.tlog\cl.write.1.tlog
e:\code\c\plants vs zombies\plants vs zombies\plants vs zombies\x64\release\plants v.d537fe83.tlog\link.command.1.tlog
e:\code\c\plants vs zombies\plants vs zombies\plants vs zombies\x64\release\plants v.d537fe83.tlog\link.read.1.tlog
e:\code\c\plants vs zombies\plants vs zombies\plants vs zombies\x64\release\plants v.d537fe83.tlog\link.write.1.tlog
e:\code\c\plants vs zombies\plants vs zombies\plants vs zombies\x64\release\plants v.d537fe83.tlog\rc.command.1.tlog
e:\code\c\plants vs zombies\plants vs zombies\plants vs zombies\x64\release\plants v.d537fe83.tlog\rc.read.1.tlog
e:\code\c\plants vs zombies\plants vs zombies\plants vs zombies\x64\release\plants v.d537fe83.tlog\rc.write.1.tlog
