e:\code\c\plants vs zombies\plants vs zombies\plants vs zombies\x64\debug\vc143.pdb
e:\code\c\plants vs zombies\plants vs zombies\plants vs zombies\x64\debug\vc143.idb
e:\code\c\plants vs zombies\plants vs zombies\plants vs zombies\x64\debug\transparrent.obj
e:\code\c\plants vs zombies\plants vs zombies\plants vs zombies\x64\debug\main.obj
e:\code\c\plants vs zombies\plants vs zombies\plants vs zombies\x64\debug\gameinit.obj
e:\code\c\plants vs zombies\plants vs zombies\plants vs zombies\x64\debug\cards.obj
e:\code\c\plants vs zombies\plants vs zombies\plants vs zombies\x64\debug\characters.obj
e:\code\c\plants vs zombies\plants vs zombies\plants vs zombies\x64\debug\charinfo.obj
e:\code\c\plants vs zombies\plants vs zombies\plants vs zombies\x64\debug\cardinfo.obj
e:\code\c\plants vs zombies\plants vs zombies\plants vs zombies\x64\debug\movecard.obj
e:\code\c\plants vs zombies\plants vs zombies\plants vs zombies\x64\debug\updatewindow.obj
e:\code\c\plants vs zombies\plants vs zombies\plants vs zombies\x64\debug\img_processing.obj
e:\code\c\plants vs zombies\plants vs zombies\plants vs zombies\x64\debug\plantmap.obj
e:\code\c\plants vs zombies\plants vs zombies\x64\debug\plants vs zombies.exe
e:\code\c\plants vs zombies\plants vs zombies\plants vs zombies\x64\debug\plants vs zombies.ilk
e:\code\c\plants vs zombies\plants vs zombies\x64\debug\plants vs zombies.pdb
e:\code\c\plants vs zombies\plants vs zombies\plants vs zombies\x64\debug\imgshift.obj
e:\code\c\plants vs zombies\plants vs zombies\plants vs zombies\x64\debug\test.obj
e:\code\c\plants vs zombies\plants vs zombies\plants vs zombies\x64\debug\characters.obj.enc
e:\code\c\plants vs zombies\plants vs zombies\plants vs zombies\x64\debug\movecard.obj.enc
e:\code\c\plants vs zombies\plants vs zombies\plants vs zombies\x64\debug\plants v.d537fe83.tlog\cl.command.1.tlog
e:\code\c\plants vs zombies\plants vs zombies\plants vs zombies\x64\debug\plants v.d537fe83.tlog\cl.items.tlog
e:\code\c\plants vs zombies\plants vs zombies\plants vs zombies\x64\debug\plants v.d537fe83.tlog\cl.read.1.tlog
e:\code\c\plants vs zombies\plants vs zombies\plants vs zombies\x64\debug\plants v.d537fe83.tlog\cl.write.1.tlog
e:\code\c\plants vs zombies\plants vs zombies\plants vs zombies\x64\debug\plants v.d537fe83.tlog\link.command.1.tlog
e:\code\c\plants vs zombies\plants vs zombies\plants vs zombies\x64\debug\plants v.d537fe83.tlog\link.read.1.tlog
e:\code\c\plants vs zombies\plants vs zombies\plants vs zombies\x64\debug\plants v.d537fe83.tlog\link.write.1.tlog
